[0.164s] DEBUG:colcon:Command line arguments: ['/usr/bin/colcon', 'build', '--packages-select', 'valerie']
[0.164s] DEBUG:colcon:Parsed command line arguments: Namespace(log_base=None, log_level=None, verb_name='build', build_base='build', install_base='install', merge_install=False, symlink_install=False, test_result_base=None, continue_on_error=False, executor='parallel', parallel_workers=12, event_handlers=None, ignore_user_meta=False, metas=['./colcon.meta'], base_paths=['.'], packages_ignore=None, packages_ignore_regex=None, paths=None, packages_up_to=None, packages_up_to_regex=None, packages_above=None, packages_above_and_dependencies=None, packages_above_depth=None, packages_select_by_dep=None, packages_skip_by_dep=None, packages_skip_up_to=None, packages_select_build_failed=False, packages_skip_build_finished=False, packages_select_test_failures=False, packages_skip_test_passed=False, packages_select=['valerie'], packages_skip=None, packages_select_regex=None, packages_skip_regex=None, packages_start=None, packages_end=None, cmake_args=None, cmake_target=None, cmake_target_skip_unavailable=False, cmake_clean_cache=False, cmake_clean_first=False, cmake_force_configure=False, ament_cmake_args=None, catkin_cmake_args=None, catkin_skip_building_tests=False, mixin_files=None, mixin=None, verb_parser=<colcon_mixin.mixin.mixin_argument.MixinArgumentDecorator object at 0x7fb889f04ef0>, verb_extension=<colcon_core.verb.build.BuildVerb object at 0x7fb889f04aa0>, main=<bound method BuildVerb.main of <colcon_core.verb.build.BuildVerb object at 0x7fb889f04aa0>>, mixin_verb=('build',))
[0.204s] Level 1:colcon.colcon_core.package_discovery:discover_packages(colcon_meta) check parameters
[0.204s] Level 1:colcon.colcon_core.package_discovery:discover_packages(recursive) check parameters
[0.204s] Level 1:colcon.colcon_core.package_discovery:discover_packages(ignore) check parameters
[0.204s] Level 1:colcon.colcon_core.package_discovery:discover_packages(path) check parameters
[0.204s] Level 1:colcon.colcon_core.package_discovery:discover_packages(colcon_meta) discover
[0.204s] Level 1:colcon.colcon_core.package_discovery:discover_packages(recursive) discover
[0.205s] INFO:colcon.colcon_core.package_discovery:Crawling recursively for packages in '/home/bval4/workbench/ex03'
[0.205s] Level 1:colcon.colcon_core.package_identification:_identify(.) by extensions ['ignore', 'ignore_ament_install']
[0.205s] Level 1:colcon.colcon_core.package_identification:_identify(.) by extension 'ignore'
[0.205s] Level 1:colcon.colcon_core.package_identification:_identify(.) by extension 'ignore_ament_install'
[0.205s] Level 1:colcon.colcon_core.package_identification:_identify(.) by extensions ['colcon_pkg']
[0.205s] Level 1:colcon.colcon_core.package_identification:_identify(.) by extension 'colcon_pkg'
[0.205s] Level 1:colcon.colcon_core.package_identification:_identify(.) by extensions ['colcon_meta']
[0.205s] Level 1:colcon.colcon_core.package_identification:_identify(.) by extension 'colcon_meta'
[0.205s] Level 1:colcon.colcon_core.package_identification:_identify(.) by extensions ['ros']
[0.205s] Level 1:colcon.colcon_core.package_identification:_identify(.) by extension 'ros'
[0.227s] Level 1:colcon.colcon_core.package_identification:_identify(.) by extensions ['cmake', 'python']
[0.227s] Level 1:colcon.colcon_core.package_identification:_identify(.) by extension 'cmake'
[0.227s] Level 1:colcon.colcon_core.package_identification:_identify(.) by extension 'python'
[0.227s] Level 1:colcon.colcon_core.package_identification:_identify(.) by extensions ['python_setup_py']
[0.227s] Level 1:colcon.colcon_core.package_identification:_identify(.) by extension 'python_setup_py'
[0.227s] Level 1:colcon.colcon_core.package_identification:_identify(build) by extensions ['ignore', 'ignore_ament_install']
[0.228s] Level 1:colcon.colcon_core.package_identification:_identify(build) by extension 'ignore'
[0.228s] Level 1:colcon.colcon_core.package_identification:_identify(build) ignored
[0.228s] Level 1:colcon.colcon_core.package_identification:_identify(install) by extensions ['ignore', 'ignore_ament_install']
[0.228s] Level 1:colcon.colcon_core.package_identification:_identify(install) by extension 'ignore'
[0.228s] Level 1:colcon.colcon_core.package_identification:_identify(install) ignored
[0.228s] Level 1:colcon.colcon_core.package_identification:_identify(log) by extensions ['ignore', 'ignore_ament_install']
[0.228s] Level 1:colcon.colcon_core.package_identification:_identify(log) by extension 'ignore'
[0.228s] Level 1:colcon.colcon_core.package_identification:_identify(log) ignored
[0.228s] Level 1:colcon.colcon_core.package_identification:_identify(ros2-ws) by extensions ['ignore', 'ignore_ament_install']
[0.228s] Level 1:colcon.colcon_core.package_identification:_identify(ros2-ws) by extension 'ignore'
[0.228s] Level 1:colcon.colcon_core.package_identification:_identify(ros2-ws) by extension 'ignore_ament_install'
[0.228s] Level 1:colcon.colcon_core.package_identification:_identify(ros2-ws) by extensions ['colcon_pkg']
[0.228s] Level 1:colcon.colcon_core.package_identification:_identify(ros2-ws) by extension 'colcon_pkg'
[0.228s] Level 1:colcon.colcon_core.package_identification:_identify(ros2-ws) by extensions ['colcon_meta']
[0.228s] Level 1:colcon.colcon_core.package_identification:_identify(ros2-ws) by extension 'colcon_meta'
[0.228s] Level 1:colcon.colcon_core.package_identification:_identify(ros2-ws) by extensions ['ros']
[0.228s] Level 1:colcon.colcon_core.package_identification:_identify(ros2-ws) by extension 'ros'
[0.228s] Level 1:colcon.colcon_core.package_identification:_identify(ros2-ws) by extensions ['cmake', 'python']
[0.228s] Level 1:colcon.colcon_core.package_identification:_identify(ros2-ws) by extension 'cmake'
[0.228s] Level 1:colcon.colcon_core.package_identification:_identify(ros2-ws) by extension 'python'
[0.228s] Level 1:colcon.colcon_core.package_identification:_identify(ros2-ws) by extensions ['python_setup_py']
[0.228s] Level 1:colcon.colcon_core.package_identification:_identify(ros2-ws) by extension 'python_setup_py'
[0.228s] Level 1:colcon.colcon_core.package_identification:_identify(ros2-ws/build) by extensions ['ignore', 'ignore_ament_install']
[0.228s] Level 1:colcon.colcon_core.package_identification:_identify(ros2-ws/build) by extension 'ignore'
[0.228s] Level 1:colcon.colcon_core.package_identification:_identify(ros2-ws/build) ignored
[0.228s] Level 1:colcon.colcon_core.package_identification:_identify(ros2-ws/install) by extensions ['ignore', 'ignore_ament_install']
[0.229s] Level 1:colcon.colcon_core.package_identification:_identify(ros2-ws/install) by extension 'ignore'
[0.229s] Level 1:colcon.colcon_core.package_identification:_identify(ros2-ws/install) ignored
[0.229s] Level 1:colcon.colcon_core.package_identification:_identify(ros2-ws/log) by extensions ['ignore', 'ignore_ament_install']
[0.229s] Level 1:colcon.colcon_core.package_identification:_identify(ros2-ws/log) by extension 'ignore'
[0.229s] Level 1:colcon.colcon_core.package_identification:_identify(ros2-ws/log) ignored
[0.229s] Level 1:colcon.colcon_core.package_identification:_identify(ros2-ws/src) by extensions ['ignore', 'ignore_ament_install']
[0.229s] Level 1:colcon.colcon_core.package_identification:_identify(ros2-ws/src) by extension 'ignore'
[0.229s] Level 1:colcon.colcon_core.package_identification:_identify(ros2-ws/src) by extension 'ignore_ament_install'
[0.229s] Level 1:colcon.colcon_core.package_identification:_identify(ros2-ws/src) by extensions ['colcon_pkg']
[0.229s] Level 1:colcon.colcon_core.package_identification:_identify(ros2-ws/src) by extension 'colcon_pkg'
[0.229s] Level 1:colcon.colcon_core.package_identification:_identify(ros2-ws/src) by extensions ['colcon_meta']
[0.229s] Level 1:colcon.colcon_core.package_identification:_identify(ros2-ws/src) by extension 'colcon_meta'
[0.229s] Level 1:colcon.colcon_core.package_identification:_identify(ros2-ws/src) by extensions ['ros']
[0.229s] Level 1:colcon.colcon_core.package_identification:_identify(ros2-ws/src) by extension 'ros'
[0.229s] Level 1:colcon.colcon_core.package_identification:_identify(ros2-ws/src) by extensions ['cmake', 'python']
[0.229s] Level 1:colcon.colcon_core.package_identification:_identify(ros2-ws/src) by extension 'cmake'
[0.229s] Level 1:colcon.colcon_core.package_identification:_identify(ros2-ws/src) by extension 'python'
[0.229s] Level 1:colcon.colcon_core.package_identification:_identify(ros2-ws/src) by extensions ['python_setup_py']
[0.229s] Level 1:colcon.colcon_core.package_identification:_identify(ros2-ws/src) by extension 'python_setup_py'
[0.229s] Level 1:colcon.colcon_core.package_identification:_identify(ros2-ws/src/examples) by extensions ['ignore', 'ignore_ament_install']
[0.229s] Level 1:colcon.colcon_core.package_identification:_identify(ros2-ws/src/examples) by extension 'ignore'
[0.229s] Level 1:colcon.colcon_core.package_identification:_identify(ros2-ws/src/examples) by extension 'ignore_ament_install'
[0.229s] Level 1:colcon.colcon_core.package_identification:_identify(ros2-ws/src/examples) by extensions ['colcon_pkg']
[0.229s] Level 1:colcon.colcon_core.package_identification:_identify(ros2-ws/src/examples) by extension 'colcon_pkg'
[0.229s] Level 1:colcon.colcon_core.package_identification:_identify(ros2-ws/src/examples) by extensions ['colcon_meta']
[0.229s] Level 1:colcon.colcon_core.package_identification:_identify(ros2-ws/src/examples) by extension 'colcon_meta'
[0.229s] Level 1:colcon.colcon_core.package_identification:_identify(ros2-ws/src/examples) by extensions ['ros']
[0.229s] Level 1:colcon.colcon_core.package_identification:_identify(ros2-ws/src/examples) by extension 'ros'
[0.229s] Level 1:colcon.colcon_core.package_identification:_identify(ros2-ws/src/examples) by extensions ['cmake', 'python']
[0.229s] Level 1:colcon.colcon_core.package_identification:_identify(ros2-ws/src/examples) by extension 'cmake'
[0.229s] Level 1:colcon.colcon_core.package_identification:_identify(ros2-ws/src/examples) by extension 'python'
[0.229s] Level 1:colcon.colcon_core.package_identification:_identify(ros2-ws/src/examples) by extensions ['python_setup_py']
[0.229s] Level 1:colcon.colcon_core.package_identification:_identify(ros2-ws/src/examples) by extension 'python_setup_py'
[0.229s] Level 1:colcon.colcon_core.package_identification:_identify(ros2-ws/src/examples/launch_testing) by extensions ['ignore', 'ignore_ament_install']
[0.230s] Level 1:colcon.colcon_core.package_identification:_identify(ros2-ws/src/examples/launch_testing) by extension 'ignore'
[0.230s] Level 1:colcon.colcon_core.package_identification:_identify(ros2-ws/src/examples/launch_testing) by extension 'ignore_ament_install'
[0.230s] Level 1:colcon.colcon_core.package_identification:_identify(ros2-ws/src/examples/launch_testing) by extensions ['colcon_pkg']
[0.230s] Level 1:colcon.colcon_core.package_identification:_identify(ros2-ws/src/examples/launch_testing) by extension 'colcon_pkg'
[0.230s] Level 1:colcon.colcon_core.package_identification:_identify(ros2-ws/src/examples/launch_testing) by extensions ['colcon_meta']
[0.230s] Level 1:colcon.colcon_core.package_identification:_identify(ros2-ws/src/examples/launch_testing) by extension 'colcon_meta'
[0.230s] Level 1:colcon.colcon_core.package_identification:_identify(ros2-ws/src/examples/launch_testing) by extensions ['ros']
[0.230s] Level 1:colcon.colcon_core.package_identification:_identify(ros2-ws/src/examples/launch_testing) by extension 'ros'
[0.230s] Level 1:colcon.colcon_core.package_identification:_identify(ros2-ws/src/examples/launch_testing) by extensions ['cmake', 'python']
[0.230s] Level 1:colcon.colcon_core.package_identification:_identify(ros2-ws/src/examples/launch_testing) by extension 'cmake'
[0.230s] Level 1:colcon.colcon_core.package_identification:_identify(ros2-ws/src/examples/launch_testing) by extension 'python'
[0.230s] Level 1:colcon.colcon_core.package_identification:_identify(ros2-ws/src/examples/launch_testing) by extensions ['python_setup_py']
[0.230s] Level 1:colcon.colcon_core.package_identification:_identify(ros2-ws/src/examples/launch_testing) by extension 'python_setup_py'
[0.230s] Level 1:colcon.colcon_core.package_identification:_identify(ros2-ws/src/examples/launch_testing/launch_testing_examples) by extensions ['ignore', 'ignore_ament_install']
[0.230s] Level 1:colcon.colcon_core.package_identification:_identify(ros2-ws/src/examples/launch_testing/launch_testing_examples) by extension 'ignore'
[0.230s] Level 1:colcon.colcon_core.package_identification:_identify(ros2-ws/src/examples/launch_testing/launch_testing_examples) by extension 'ignore_ament_install'
[0.230s] Level 1:colcon.colcon_core.package_identification:_identify(ros2-ws/src/examples/launch_testing/launch_testing_examples) by extensions ['colcon_pkg']
[0.230s] Level 1:colcon.colcon_core.package_identification:_identify(ros2-ws/src/examples/launch_testing/launch_testing_examples) by extension 'colcon_pkg'
[0.230s] Level 1:colcon.colcon_core.package_identification:_identify(ros2-ws/src/examples/launch_testing/launch_testing_examples) by extensions ['colcon_meta']
[0.230s] Level 1:colcon.colcon_core.package_identification:_identify(ros2-ws/src/examples/launch_testing/launch_testing_examples) by extension 'colcon_meta'
[0.230s] Level 1:colcon.colcon_core.package_identification:_identify(ros2-ws/src/examples/launch_testing/launch_testing_examples) by extensions ['ros']
[0.230s] Level 1:colcon.colcon_core.package_identification:_identify(ros2-ws/src/examples/launch_testing/launch_testing_examples) by extension 'ros'
[0.232s] DEBUG:colcon.colcon_core.package_identification:Package 'ros2-ws/src/examples/launch_testing/launch_testing_examples' with type 'ros.ament_python' and name 'launch_testing_examples'
[0.233s] Level 1:colcon.colcon_core.package_identification:_identify(ros2-ws/src/examples/rclcpp) by extensions ['ignore', 'ignore_ament_install']
[0.233s] Level 1:colcon.colcon_core.package_identification:_identify(ros2-ws/src/examples/rclcpp) by extension 'ignore'
[0.233s] Level 1:colcon.colcon_core.package_identification:_identify(ros2-ws/src/examples/rclcpp) by extension 'ignore_ament_install'
[0.233s] Level 1:colcon.colcon_core.package_identification:_identify(ros2-ws/src/examples/rclcpp) by extensions ['colcon_pkg']
[0.233s] Level 1:colcon.colcon_core.package_identification:_identify(ros2-ws/src/examples/rclcpp) by extension 'colcon_pkg'
[0.233s] Level 1:colcon.colcon_core.package_identification:_identify(ros2-ws/src/examples/rclcpp) by extensions ['colcon_meta']
[0.233s] Level 1:colcon.colcon_core.package_identification:_identify(ros2-ws/src/examples/rclcpp) by extension 'colcon_meta'
[0.233s] Level 1:colcon.colcon_core.package_identification:_identify(ros2-ws/src/examples/rclcpp) by extensions ['ros']
[0.233s] Level 1:colcon.colcon_core.package_identification:_identify(ros2-ws/src/examples/rclcpp) by extension 'ros'
[0.233s] Level 1:colcon.colcon_core.package_identification:_identify(ros2-ws/src/examples/rclcpp) by extensions ['cmake', 'python']
[0.233s] Level 1:colcon.colcon_core.package_identification:_identify(ros2-ws/src/examples/rclcpp) by extension 'cmake'
[0.233s] Level 1:colcon.colcon_core.package_identification:_identify(ros2-ws/src/examples/rclcpp) by extension 'python'
[0.233s] Level 1:colcon.colcon_core.package_identification:_identify(ros2-ws/src/examples/rclcpp) by extensions ['python_setup_py']
[0.233s] Level 1:colcon.colcon_core.package_identification:_identify(ros2-ws/src/examples/rclcpp) by extension 'python_setup_py'
[0.233s] Level 1:colcon.colcon_core.package_identification:_identify(ros2-ws/src/examples/rclcpp/actions) by extensions ['ignore', 'ignore_ament_install']
[0.233s] Level 1:colcon.colcon_core.package_identification:_identify(ros2-ws/src/examples/rclcpp/actions) by extension 'ignore'
[0.233s] Level 1:colcon.colcon_core.package_identification:_identify(ros2-ws/src/examples/rclcpp/actions) by extension 'ignore_ament_install'
[0.233s] Level 1:colcon.colcon_core.package_identification:_identify(ros2-ws/src/examples/rclcpp/actions) by extensions ['colcon_pkg']
[0.233s] Level 1:colcon.colcon_core.package_identification:_identify(ros2-ws/src/examples/rclcpp/actions) by extension 'colcon_pkg'
[0.233s] Level 1:colcon.colcon_core.package_identification:_identify(ros2-ws/src/examples/rclcpp/actions) by extensions ['colcon_meta']
[0.233s] Level 1:colcon.colcon_core.package_identification:_identify(ros2-ws/src/examples/rclcpp/actions) by extension 'colcon_meta'
[0.233s] Level 1:colcon.colcon_core.package_identification:_identify(ros2-ws/src/examples/rclcpp/actions) by extensions ['ros']
[0.233s] Level 1:colcon.colcon_core.package_identification:_identify(ros2-ws/src/examples/rclcpp/actions) by extension 'ros'
[0.233s] Level 1:colcon.colcon_core.package_identification:_identify(ros2-ws/src/examples/rclcpp/actions) by extensions ['cmake', 'python']
[0.233s] Level 1:colcon.colcon_core.package_identification:_identify(ros2-ws/src/examples/rclcpp/actions) by extension 'cmake'
[0.233s] Level 1:colcon.colcon_core.package_identification:_identify(ros2-ws/src/examples/rclcpp/actions) by extension 'python'
[0.233s] Level 1:colcon.colcon_core.package_identification:_identify(ros2-ws/src/examples/rclcpp/actions) by extensions ['python_setup_py']
[0.233s] Level 1:colcon.colcon_core.package_identification:_identify(ros2-ws/src/examples/rclcpp/actions) by extension 'python_setup_py'
[0.233s] Level 1:colcon.colcon_core.package_identification:_identify(ros2-ws/src/examples/rclcpp/actions/minimal_action_client) by extensions ['ignore', 'ignore_ament_install']
[0.234s] Level 1:colcon.colcon_core.package_identification:_identify(ros2-ws/src/examples/rclcpp/actions/minimal_action_client) by extension 'ignore'
[0.234s] Level 1:colcon.colcon_core.package_identification:_identify(ros2-ws/src/examples/rclcpp/actions/minimal_action_client) by extension 'ignore_ament_install'
[0.234s] Level 1:colcon.colcon_core.package_identification:_identify(ros2-ws/src/examples/rclcpp/actions/minimal_action_client) by extensions ['colcon_pkg']
[0.234s] Level 1:colcon.colcon_core.package_identification:_identify(ros2-ws/src/examples/rclcpp/actions/minimal_action_client) by extension 'colcon_pkg'
[0.234s] Level 1:colcon.colcon_core.package_identification:_identify(ros2-ws/src/examples/rclcpp/actions/minimal_action_client) by extensions ['colcon_meta']
[0.234s] Level 1:colcon.colcon_core.package_identification:_identify(ros2-ws/src/examples/rclcpp/actions/minimal_action_client) by extension 'colcon_meta'
[0.234s] Level 1:colcon.colcon_core.package_identification:_identify(ros2-ws/src/examples/rclcpp/actions/minimal_action_client) by extensions ['ros']
[0.234s] Level 1:colcon.colcon_core.package_identification:_identify(ros2-ws/src/examples/rclcpp/actions/minimal_action_client) by extension 'ros'
[0.234s] DEBUG:colcon.colcon_core.package_identification:Package 'ros2-ws/src/examples/rclcpp/actions/minimal_action_client' with type 'ros.ament_cmake' and name 'examples_rclcpp_minimal_action_client'
[0.234s] Level 1:colcon.colcon_core.package_identification:_identify(ros2-ws/src/examples/rclcpp/actions/minimal_action_server) by extensions ['ignore', 'ignore_ament_install']
[0.234s] Level 1:colcon.colcon_core.package_identification:_identify(ros2-ws/src/examples/rclcpp/actions/minimal_action_server) by extension 'ignore'
[0.234s] Level 1:colcon.colcon_core.package_identification:_identify(ros2-ws/src/examples/rclcpp/actions/minimal_action_server) by extension 'ignore_ament_install'
[0.234s] Level 1:colcon.colcon_core.package_identification:_identify(ros2-ws/src/examples/rclcpp/actions/minimal_action_server) by extensions ['colcon_pkg']
[0.234s] Level 1:colcon.colcon_core.package_identification:_identify(ros2-ws/src/examples/rclcpp/actions/minimal_action_server) by extension 'colcon_pkg'
[0.234s] Level 1:colcon.colcon_core.package_identification:_identify(ros2-ws/src/examples/rclcpp/actions/minimal_action_server) by extensions ['colcon_meta']
[0.234s] Level 1:colcon.colcon_core.package_identification:_identify(ros2-ws/src/examples/rclcpp/actions/minimal_action_server) by extension 'colcon_meta'
[0.234s] Level 1:colcon.colcon_core.package_identification:_identify(ros2-ws/src/examples/rclcpp/actions/minimal_action_server) by extensions ['ros']
[0.234s] Level 1:colcon.colcon_core.package_identification:_identify(ros2-ws/src/examples/rclcpp/actions/minimal_action_server) by extension 'ros'
[0.235s] DEBUG:colcon.colcon_core.package_identification:Package 'ros2-ws/src/examples/rclcpp/actions/minimal_action_server' with type 'ros.ament_cmake' and name 'examples_rclcpp_minimal_action_server'
[0.235s] Level 1:colcon.colcon_core.package_identification:_identify(ros2-ws/src/examples/rclcpp/composition) by extensions ['ignore', 'ignore_ament_install']
[0.235s] Level 1:colcon.colcon_core.package_identification:_identify(ros2-ws/src/examples/rclcpp/composition) by extension 'ignore'
[0.235s] Level 1:colcon.colcon_core.package_identification:_identify(ros2-ws/src/examples/rclcpp/composition) by extension 'ignore_ament_install'
[0.235s] Level 1:colcon.colcon_core.package_identification:_identify(ros2-ws/src/examples/rclcpp/composition) by extensions ['colcon_pkg']
[0.235s] Level 1:colcon.colcon_core.package_identification:_identify(ros2-ws/src/examples/rclcpp/composition) by extension 'colcon_pkg'
[0.235s] Level 1:colcon.colcon_core.package_identification:_identify(ros2-ws/src/examples/rclcpp/composition) by extensions ['colcon_meta']
[0.235s] Level 1:colcon.colcon_core.package_identification:_identify(ros2-ws/src/examples/rclcpp/composition) by extension 'colcon_meta'
[0.235s] Level 1:colcon.colcon_core.package_identification:_identify(ros2-ws/src/examples/rclcpp/composition) by extensions ['ros']
[0.235s] Level 1:colcon.colcon_core.package_identification:_identify(ros2-ws/src/examples/rclcpp/composition) by extension 'ros'
[0.235s] Level 1:colcon.colcon_core.package_identification:_identify(ros2-ws/src/examples/rclcpp/composition) by extensions ['cmake', 'python']
[0.235s] Level 1:colcon.colcon_core.package_identification:_identify(ros2-ws/src/examples/rclcpp/composition) by extension 'cmake'
[0.235s] Level 1:colcon.colcon_core.package_identification:_identify(ros2-ws/src/examples/rclcpp/composition) by extension 'python'
[0.235s] Level 1:colcon.colcon_core.package_identification:_identify(ros2-ws/src/examples/rclcpp/composition) by extensions ['python_setup_py']
[0.235s] Level 1:colcon.colcon_core.package_identification:_identify(ros2-ws/src/examples/rclcpp/composition) by extension 'python_setup_py'
[0.235s] Level 1:colcon.colcon_core.package_identification:_identify(ros2-ws/src/examples/rclcpp/composition/minimal_composition) by extensions ['ignore', 'ignore_ament_install']
[0.235s] Level 1:colcon.colcon_core.package_identification:_identify(ros2-ws/src/examples/rclcpp/composition/minimal_composition) by extension 'ignore'
[0.236s] Level 1:colcon.colcon_core.package_identification:_identify(ros2-ws/src/examples/rclcpp/composition/minimal_composition) by extension 'ignore_ament_install'
[0.236s] Level 1:colcon.colcon_core.package_identification:_identify(ros2-ws/src/examples/rclcpp/composition/minimal_composition) by extensions ['colcon_pkg']
[0.236s] Level 1:colcon.colcon_core.package_identification:_identify(ros2-ws/src/examples/rclcpp/composition/minimal_composition) by extension 'colcon_pkg'
[0.236s] Level 1:colcon.colcon_core.package_identification:_identify(ros2-ws/src/examples/rclcpp/composition/minimal_composition) by extensions ['colcon_meta']
[0.236s] Level 1:colcon.colcon_core.package_identification:_identify(ros2-ws/src/examples/rclcpp/composition/minimal_composition) by extension 'colcon_meta'
[0.236s] Level 1:colcon.colcon_core.package_identification:_identify(ros2-ws/src/examples/rclcpp/composition/minimal_composition) by extensions ['ros']
[0.236s] Level 1:colcon.colcon_core.package_identification:_identify(ros2-ws/src/examples/rclcpp/composition/minimal_composition) by extension 'ros'
[0.236s] DEBUG:colcon.colcon_core.package_identification:Package 'ros2-ws/src/examples/rclcpp/composition/minimal_composition' with type 'ros.ament_cmake' and name 'examples_rclcpp_minimal_composition'
[0.236s] Level 1:colcon.colcon_core.package_identification:_identify(ros2-ws/src/examples/rclcpp/executors) by extensions ['ignore', 'ignore_ament_install']
[0.236s] Level 1:colcon.colcon_core.package_identification:_identify(ros2-ws/src/examples/rclcpp/executors) by extension 'ignore'
[0.236s] Level 1:colcon.colcon_core.package_identification:_identify(ros2-ws/src/examples/rclcpp/executors) by extension 'ignore_ament_install'
[0.236s] Level 1:colcon.colcon_core.package_identification:_identify(ros2-ws/src/examples/rclcpp/executors) by extensions ['colcon_pkg']
[0.236s] Level 1:colcon.colcon_core.package_identification:_identify(ros2-ws/src/examples/rclcpp/executors) by extension 'colcon_pkg'
[0.236s] Level 1:colcon.colcon_core.package_identification:_identify(ros2-ws/src/examples/rclcpp/executors) by extensions ['colcon_meta']
[0.236s] Level 1:colcon.colcon_core.package_identification:_identify(ros2-ws/src/examples/rclcpp/executors) by extension 'colcon_meta'
[0.236s] Level 1:colcon.colcon_core.package_identification:_identify(ros2-ws/src/examples/rclcpp/executors) by extensions ['ros']
[0.236s] Level 1:colcon.colcon_core.package_identification:_identify(ros2-ws/src/examples/rclcpp/executors) by extension 'ros'
[0.236s] Level 1:colcon.colcon_core.package_identification:_identify(ros2-ws/src/examples/rclcpp/executors) by extensions ['cmake', 'python']
[0.236s] Level 1:colcon.colcon_core.package_identification:_identify(ros2-ws/src/examples/rclcpp/executors) by extension 'cmake'
[0.236s] Level 1:colcon.colcon_core.package_identification:_identify(ros2-ws/src/examples/rclcpp/executors) by extension 'python'
[0.236s] Level 1:colcon.colcon_core.package_identification:_identify(ros2-ws/src/examples/rclcpp/executors) by extensions ['python_setup_py']
[0.236s] Level 1:colcon.colcon_core.package_identification:_identify(ros2-ws/src/examples/rclcpp/executors) by extension 'python_setup_py'
[0.236s] Level 1:colcon.colcon_core.package_identification:_identify(ros2-ws/src/examples/rclcpp/executors/cbg_executor) by extensions ['ignore', 'ignore_ament_install']
[0.237s] Level 1:colcon.colcon_core.package_identification:_identify(ros2-ws/src/examples/rclcpp/executors/cbg_executor) by extension 'ignore'
[0.237s] Level 1:colcon.colcon_core.package_identification:_identify(ros2-ws/src/examples/rclcpp/executors/cbg_executor) by extension 'ignore_ament_install'
[0.237s] Level 1:colcon.colcon_core.package_identification:_identify(ros2-ws/src/examples/rclcpp/executors/cbg_executor) by extensions ['colcon_pkg']
[0.237s] Level 1:colcon.colcon_core.package_identification:_identify(ros2-ws/src/examples/rclcpp/executors/cbg_executor) by extension 'colcon_pkg'
[0.237s] Level 1:colcon.colcon_core.package_identification:_identify(ros2-ws/src/examples/rclcpp/executors/cbg_executor) by extensions ['colcon_meta']
[0.237s] Level 1:colcon.colcon_core.package_identification:_identify(ros2-ws/src/examples/rclcpp/executors/cbg_executor) by extension 'colcon_meta'
[0.237s] Level 1:colcon.colcon_core.package_identification:_identify(ros2-ws/src/examples/rclcpp/executors/cbg_executor) by extensions ['ros']
[0.237s] Level 1:colcon.colcon_core.package_identification:_identify(ros2-ws/src/examples/rclcpp/executors/cbg_executor) by extension 'ros'
[0.237s] DEBUG:colcon.colcon_core.package_identification:Package 'ros2-ws/src/examples/rclcpp/executors/cbg_executor' with type 'ros.ament_cmake' and name 'examples_rclcpp_cbg_executor'
[0.237s] Level 1:colcon.colcon_core.package_identification:_identify(ros2-ws/src/examples/rclcpp/executors/multithreaded_executor) by extensions ['ignore', 'ignore_ament_install']
[0.237s] Level 1:colcon.colcon_core.package_identification:_identify(ros2-ws/src/examples/rclcpp/executors/multithreaded_executor) by extension 'ignore'
[0.237s] Level 1:colcon.colcon_core.package_identification:_identify(ros2-ws/src/examples/rclcpp/executors/multithreaded_executor) by extension 'ignore_ament_install'
[0.237s] Level 1:colcon.colcon_core.package_identification:_identify(ros2-ws/src/examples/rclcpp/executors/multithreaded_executor) by extensions ['colcon_pkg']
[0.237s] Level 1:colcon.colcon_core.package_identification:_identify(ros2-ws/src/examples/rclcpp/executors/multithreaded_executor) by extension 'colcon_pkg'
[0.237s] Level 1:colcon.colcon_core.package_identification:_identify(ros2-ws/src/examples/rclcpp/executors/multithreaded_executor) by extensions ['colcon_meta']
[0.237s] Level 1:colcon.colcon_core.package_identification:_identify(ros2-ws/src/examples/rclcpp/executors/multithreaded_executor) by extension 'colcon_meta'
[0.237s] Level 1:colcon.colcon_core.package_identification:_identify(ros2-ws/src/examples/rclcpp/executors/multithreaded_executor) by extensions ['ros']
[0.237s] Level 1:colcon.colcon_core.package_identification:_identify(ros2-ws/src/examples/rclcpp/executors/multithreaded_executor) by extension 'ros'
[0.238s] DEBUG:colcon.colcon_core.package_identification:Package 'ros2-ws/src/examples/rclcpp/executors/multithreaded_executor' with type 'ros.ament_cmake' and name 'examples_rclcpp_multithreaded_executor'
[0.238s] Level 1:colcon.colcon_core.package_identification:_identify(ros2-ws/src/examples/rclcpp/services) by extensions ['ignore', 'ignore_ament_install']
[0.238s] Level 1:colcon.colcon_core.package_identification:_identify(ros2-ws/src/examples/rclcpp/services) by extension 'ignore'
[0.238s] Level 1:colcon.colcon_core.package_identification:_identify(ros2-ws/src/examples/rclcpp/services) by extension 'ignore_ament_install'
[0.238s] Level 1:colcon.colcon_core.package_identification:_identify(ros2-ws/src/examples/rclcpp/services) by extensions ['colcon_pkg']
[0.238s] Level 1:colcon.colcon_core.package_identification:_identify(ros2-ws/src/examples/rclcpp/services) by extension 'colcon_pkg'
[0.238s] Level 1:colcon.colcon_core.package_identification:_identify(ros2-ws/src/examples/rclcpp/services) by extensions ['colcon_meta']
[0.238s] Level 1:colcon.colcon_core.package_identification:_identify(ros2-ws/src/examples/rclcpp/services) by extension 'colcon_meta'
[0.238s] Level 1:colcon.colcon_core.package_identification:_identify(ros2-ws/src/examples/rclcpp/services) by extensions ['ros']
[0.238s] Level 1:colcon.colcon_core.package_identification:_identify(ros2-ws/src/examples/rclcpp/services) by extension 'ros'
[0.238s] Level 1:colcon.colcon_core.package_identification:_identify(ros2-ws/src/examples/rclcpp/services) by extensions ['cmake', 'python']
[0.238s] Level 1:colcon.colcon_core.package_identification:_identify(ros2-ws/src/examples/rclcpp/services) by extension 'cmake'
[0.238s] Level 1:colcon.colcon_core.package_identification:_identify(ros2-ws/src/examples/rclcpp/services) by extension 'python'
[0.238s] Level 1:colcon.colcon_core.package_identification:_identify(ros2-ws/src/examples/rclcpp/services) by extensions ['python_setup_py']
[0.238s] Level 1:colcon.colcon_core.package_identification:_identify(ros2-ws/src/examples/rclcpp/services) by extension 'python_setup_py'
[0.238s] Level 1:colcon.colcon_core.package_identification:_identify(ros2-ws/src/examples/rclcpp/services/async_client) by extensions ['ignore', 'ignore_ament_install']
[0.238s] Level 1:colcon.colcon_core.package_identification:_identify(ros2-ws/src/examples/rclcpp/services/async_client) by extension 'ignore'
[0.238s] Level 1:colcon.colcon_core.package_identification:_identify(ros2-ws/src/examples/rclcpp/services/async_client) by extension 'ignore_ament_install'
[0.238s] Level 1:colcon.colcon_core.package_identification:_identify(ros2-ws/src/examples/rclcpp/services/async_client) by extensions ['colcon_pkg']
[0.238s] Level 1:colcon.colcon_core.package_identification:_identify(ros2-ws/src/examples/rclcpp/services/async_client) by extension 'colcon_pkg'
[0.238s] Level 1:colcon.colcon_core.package_identification:_identify(ros2-ws/src/examples/rclcpp/services/async_client) by extensions ['colcon_meta']
[0.238s] Level 1:colcon.colcon_core.package_identification:_identify(ros2-ws/src/examples/rclcpp/services/async_client) by extension 'colcon_meta'
[0.238s] Level 1:colcon.colcon_core.package_identification:_identify(ros2-ws/src/examples/rclcpp/services/async_client) by extensions ['ros']
[0.238s] Level 1:colcon.colcon_core.package_identification:_identify(ros2-ws/src/examples/rclcpp/services/async_client) by extension 'ros'
[0.239s] DEBUG:colcon.colcon_core.package_identification:Package 'ros2-ws/src/examples/rclcpp/services/async_client' with type 'ros.ament_cmake' and name 'examples_rclcpp_async_client'
[0.239s] Level 1:colcon.colcon_core.package_identification:_identify(ros2-ws/src/examples/rclcpp/services/minimal_client) by extensions ['ignore', 'ignore_ament_install']
[0.239s] Level 1:colcon.colcon_core.package_identification:_identify(ros2-ws/src/examples/rclcpp/services/minimal_client) by extension 'ignore'
[0.239s] Level 1:colcon.colcon_core.package_identification:_identify(ros2-ws/src/examples/rclcpp/services/minimal_client) by extension 'ignore_ament_install'
[0.239s] Level 1:colcon.colcon_core.package_identification:_identify(ros2-ws/src/examples/rclcpp/services/minimal_client) by extensions ['colcon_pkg']
[0.239s] Level 1:colcon.colcon_core.package_identification:_identify(ros2-ws/src/examples/rclcpp/services/minimal_client) by extension 'colcon_pkg'
[0.239s] Level 1:colcon.colcon_core.package_identification:_identify(ros2-ws/src/examples/rclcpp/services/minimal_client) by extensions ['colcon_meta']
[0.239s] Level 1:colcon.colcon_core.package_identification:_identify(ros2-ws/src/examples/rclcpp/services/minimal_client) by extension 'colcon_meta'
[0.239s] Level 1:colcon.colcon_core.package_identification:_identify(ros2-ws/src/examples/rclcpp/services/minimal_client) by extensions ['ros']
[0.239s] Level 1:colcon.colcon_core.package_identification:_identify(ros2-ws/src/examples/rclcpp/services/minimal_client) by extension 'ros'
[0.240s] DEBUG:colcon.colcon_core.package_identification:Package 'ros2-ws/src/examples/rclcpp/services/minimal_client' with type 'ros.ament_cmake' and name 'examples_rclcpp_minimal_client'
[0.240s] Level 1:colcon.colcon_core.package_identification:_identify(ros2-ws/src/examples/rclcpp/services/minimal_service) by extensions ['ignore', 'ignore_ament_install']
[0.240s] Level 1:colcon.colcon_core.package_identification:_identify(ros2-ws/src/examples/rclcpp/services/minimal_service) by extension 'ignore'
[0.240s] Level 1:colcon.colcon_core.package_identification:_identify(ros2-ws/src/examples/rclcpp/services/minimal_service) by extension 'ignore_ament_install'
[0.240s] Level 1:colcon.colcon_core.package_identification:_identify(ros2-ws/src/examples/rclcpp/services/minimal_service) by extensions ['colcon_pkg']
[0.240s] Level 1:colcon.colcon_core.package_identification:_identify(ros2-ws/src/examples/rclcpp/services/minimal_service) by extension 'colcon_pkg'
[0.240s] Level 1:colcon.colcon_core.package_identification:_identify(ros2-ws/src/examples/rclcpp/services/minimal_service) by extensions ['colcon_meta']
[0.240s] Level 1:colcon.colcon_core.package_identification:_identify(ros2-ws/src/examples/rclcpp/services/minimal_service) by extension 'colcon_meta'
[0.240s] Level 1:colcon.colcon_core.package_identification:_identify(ros2-ws/src/examples/rclcpp/services/minimal_service) by extensions ['ros']
[0.240s] Level 1:colcon.colcon_core.package_identification:_identify(ros2-ws/src/examples/rclcpp/services/minimal_service) by extension 'ros'
[0.240s] DEBUG:colcon.colcon_core.package_identification:Package 'ros2-ws/src/examples/rclcpp/services/minimal_service' with type 'ros.ament_cmake' and name 'examples_rclcpp_minimal_service'
[0.240s] Level 1:colcon.colcon_core.package_identification:_identify(ros2-ws/src/examples/rclcpp/timers) by extensions ['ignore', 'ignore_ament_install']
[0.240s] Level 1:colcon.colcon_core.package_identification:_identify(ros2-ws/src/examples/rclcpp/timers) by extension 'ignore'
[0.240s] Level 1:colcon.colcon_core.package_identification:_identify(ros2-ws/src/examples/rclcpp/timers) by extension 'ignore_ament_install'
[0.240s] Level 1:colcon.colcon_core.package_identification:_identify(ros2-ws/src/examples/rclcpp/timers) by extensions ['colcon_pkg']
[0.240s] Level 1:colcon.colcon_core.package_identification:_identify(ros2-ws/src/examples/rclcpp/timers) by extension 'colcon_pkg'
[0.241s] Level 1:colcon.colcon_core.package_identification:_identify(ros2-ws/src/examples/rclcpp/timers) by extensions ['colcon_meta']
[0.241s] Level 1:colcon.colcon_core.package_identification:_identify(ros2-ws/src/examples/rclcpp/timers) by extension 'colcon_meta'
[0.241s] Level 1:colcon.colcon_core.package_identification:_identify(ros2-ws/src/examples/rclcpp/timers) by extensions ['ros']
[0.241s] Level 1:colcon.colcon_core.package_identification:_identify(ros2-ws/src/examples/rclcpp/timers) by extension 'ros'
[0.241s] Level 1:colcon.colcon_core.package_identification:_identify(ros2-ws/src/examples/rclcpp/timers) by extensions ['cmake', 'python']
[0.241s] Level 1:colcon.colcon_core.package_identification:_identify(ros2-ws/src/examples/rclcpp/timers) by extension 'cmake'
[0.241s] Level 1:colcon.colcon_core.package_identification:_identify(ros2-ws/src/examples/rclcpp/timers) by extension 'python'
[0.241s] Level 1:colcon.colcon_core.package_identification:_identify(ros2-ws/src/examples/rclcpp/timers) by extensions ['python_setup_py']
[0.241s] Level 1:colcon.colcon_core.package_identification:_identify(ros2-ws/src/examples/rclcpp/timers) by extension 'python_setup_py'
[0.241s] Level 1:colcon.colcon_core.package_identification:_identify(ros2-ws/src/examples/rclcpp/timers/minimal_timer) by extensions ['ignore', 'ignore_ament_install']
[0.241s] Level 1:colcon.colcon_core.package_identification:_identify(ros2-ws/src/examples/rclcpp/timers/minimal_timer) by extension 'ignore'
[0.241s] Level 1:colcon.colcon_core.package_identification:_identify(ros2-ws/src/examples/rclcpp/timers/minimal_timer) by extension 'ignore_ament_install'
[0.241s] Level 1:colcon.colcon_core.package_identification:_identify(ros2-ws/src/examples/rclcpp/timers/minimal_timer) by extensions ['colcon_pkg']
[0.241s] Level 1:colcon.colcon_core.package_identification:_identify(ros2-ws/src/examples/rclcpp/timers/minimal_timer) by extension 'colcon_pkg'
[0.241s] Level 1:colcon.colcon_core.package_identification:_identify(ros2-ws/src/examples/rclcpp/timers/minimal_timer) by extensions ['colcon_meta']
[0.241s] Level 1:colcon.colcon_core.package_identification:_identify(ros2-ws/src/examples/rclcpp/timers/minimal_timer) by extension 'colcon_meta'
[0.241s] Level 1:colcon.colcon_core.package_identification:_identify(ros2-ws/src/examples/rclcpp/timers/minimal_timer) by extensions ['ros']
[0.241s] Level 1:colcon.colcon_core.package_identification:_identify(ros2-ws/src/examples/rclcpp/timers/minimal_timer) by extension 'ros'
[0.241s] DEBUG:colcon.colcon_core.package_identification:Package 'ros2-ws/src/examples/rclcpp/timers/minimal_timer' with type 'ros.ament_cmake' and name 'examples_rclcpp_minimal_timer'
[0.241s] Level 1:colcon.colcon_core.package_identification:_identify(ros2-ws/src/examples/rclcpp/topics) by extensions ['ignore', 'ignore_ament_install']
[0.241s] Level 1:colcon.colcon_core.package_identification:_identify(ros2-ws/src/examples/rclcpp/topics) by extension 'ignore'
[0.241s] Level 1:colcon.colcon_core.package_identification:_identify(ros2-ws/src/examples/rclcpp/topics) by extension 'ignore_ament_install'
[0.241s] Level 1:colcon.colcon_core.package_identification:_identify(ros2-ws/src/examples/rclcpp/topics) by extensions ['colcon_pkg']
[0.241s] Level 1:colcon.colcon_core.package_identification:_identify(ros2-ws/src/examples/rclcpp/topics) by extension 'colcon_pkg'
[0.242s] Level 1:colcon.colcon_core.package_identification:_identify(ros2-ws/src/examples/rclcpp/topics) by extensions ['colcon_meta']
[0.242s] Level 1:colcon.colcon_core.package_identification:_identify(ros2-ws/src/examples/rclcpp/topics) by extension 'colcon_meta'
[0.242s] Level 1:colcon.colcon_core.package_identification:_identify(ros2-ws/src/examples/rclcpp/topics) by extensions ['ros']
[0.242s] Level 1:colcon.colcon_core.package_identification:_identify(ros2-ws/src/examples/rclcpp/topics) by extension 'ros'
[0.242s] Level 1:colcon.colcon_core.package_identification:_identify(ros2-ws/src/examples/rclcpp/topics) by extensions ['cmake', 'python']
[0.242s] Level 1:colcon.colcon_core.package_identification:_identify(ros2-ws/src/examples/rclcpp/topics) by extension 'cmake'
[0.242s] Level 1:colcon.colcon_core.package_identification:_identify(ros2-ws/src/examples/rclcpp/topics) by extension 'python'
[0.242s] Level 1:colcon.colcon_core.package_identification:_identify(ros2-ws/src/examples/rclcpp/topics) by extensions ['python_setup_py']
[0.242s] Level 1:colcon.colcon_core.package_identification:_identify(ros2-ws/src/examples/rclcpp/topics) by extension 'python_setup_py'
[0.242s] Level 1:colcon.colcon_core.package_identification:_identify(ros2-ws/src/examples/rclcpp/topics/minimal_publisher) by extensions ['ignore', 'ignore_ament_install']
[0.242s] Level 1:colcon.colcon_core.package_identification:_identify(ros2-ws/src/examples/rclcpp/topics/minimal_publisher) by extension 'ignore'
[0.242s] Level 1:colcon.colcon_core.package_identification:_identify(ros2-ws/src/examples/rclcpp/topics/minimal_publisher) by extension 'ignore_ament_install'
[0.242s] Level 1:colcon.colcon_core.package_identification:_identify(ros2-ws/src/examples/rclcpp/topics/minimal_publisher) by extensions ['colcon_pkg']
[0.242s] Level 1:colcon.colcon_core.package_identification:_identify(ros2-ws/src/examples/rclcpp/topics/minimal_publisher) by extension 'colcon_pkg'
[0.242s] Level 1:colcon.colcon_core.package_identification:_identify(ros2-ws/src/examples/rclcpp/topics/minimal_publisher) by extensions ['colcon_meta']
[0.242s] Level 1:colcon.colcon_core.package_identification:_identify(ros2-ws/src/examples/rclcpp/topics/minimal_publisher) by extension 'colcon_meta'
[0.242s] Level 1:colcon.colcon_core.package_identification:_identify(ros2-ws/src/examples/rclcpp/topics/minimal_publisher) by extensions ['ros']
[0.242s] Level 1:colcon.colcon_core.package_identification:_identify(ros2-ws/src/examples/rclcpp/topics/minimal_publisher) by extension 'ros'
[0.242s] DEBUG:colcon.colcon_core.package_identification:Package 'ros2-ws/src/examples/rclcpp/topics/minimal_publisher' with type 'ros.ament_cmake' and name 'examples_rclcpp_minimal_publisher'
[0.242s] Level 1:colcon.colcon_core.package_identification:_identify(ros2-ws/src/examples/rclcpp/topics/minimal_subscriber) by extensions ['ignore', 'ignore_ament_install']
[0.242s] Level 1:colcon.colcon_core.package_identification:_identify(ros2-ws/src/examples/rclcpp/topics/minimal_subscriber) by extension 'ignore'
[0.243s] Level 1:colcon.colcon_core.package_identification:_identify(ros2-ws/src/examples/rclcpp/topics/minimal_subscriber) by extension 'ignore_ament_install'
[0.243s] Level 1:colcon.colcon_core.package_identification:_identify(ros2-ws/src/examples/rclcpp/topics/minimal_subscriber) by extensions ['colcon_pkg']
[0.243s] Level 1:colcon.colcon_core.package_identification:_identify(ros2-ws/src/examples/rclcpp/topics/minimal_subscriber) by extension 'colcon_pkg'
[0.243s] Level 1:colcon.colcon_core.package_identification:_identify(ros2-ws/src/examples/rclcpp/topics/minimal_subscriber) by extensions ['colcon_meta']
[0.243s] Level 1:colcon.colcon_core.package_identification:_identify(ros2-ws/src/examples/rclcpp/topics/minimal_subscriber) by extension 'colcon_meta'
[0.243s] Level 1:colcon.colcon_core.package_identification:_identify(ros2-ws/src/examples/rclcpp/topics/minimal_subscriber) by extensions ['ros']
[0.243s] Level 1:colcon.colcon_core.package_identification:_identify(ros2-ws/src/examples/rclcpp/topics/minimal_subscriber) by extension 'ros'
[0.243s] DEBUG:colcon.colcon_core.package_identification:Package 'ros2-ws/src/examples/rclcpp/topics/minimal_subscriber' with type 'ros.ament_cmake' and name 'examples_rclcpp_minimal_subscriber'
[0.243s] Level 1:colcon.colcon_core.package_identification:_identify(ros2-ws/src/examples/rclcpp/wait_set) by extensions ['ignore', 'ignore_ament_install']
[0.243s] Level 1:colcon.colcon_core.package_identification:_identify(ros2-ws/src/examples/rclcpp/wait_set) by extension 'ignore'
[0.243s] Level 1:colcon.colcon_core.package_identification:_identify(ros2-ws/src/examples/rclcpp/wait_set) by extension 'ignore_ament_install'
[0.243s] Level 1:colcon.colcon_core.package_identification:_identify(ros2-ws/src/examples/rclcpp/wait_set) by extensions ['colcon_pkg']
[0.243s] Level 1:colcon.colcon_core.package_identification:_identify(ros2-ws/src/examples/rclcpp/wait_set) by extension 'colcon_pkg'
[0.243s] Level 1:colcon.colcon_core.package_identification:_identify(ros2-ws/src/examples/rclcpp/wait_set) by extensions ['colcon_meta']
[0.243s] Level 1:colcon.colcon_core.package_identification:_identify(ros2-ws/src/examples/rclcpp/wait_set) by extension 'colcon_meta'
[0.243s] Level 1:colcon.colcon_core.package_identification:_identify(ros2-ws/src/examples/rclcpp/wait_set) by extensions ['ros']
[0.243s] Level 1:colcon.colcon_core.package_identification:_identify(ros2-ws/src/examples/rclcpp/wait_set) by extension 'ros'
[0.244s] DEBUG:colcon.colcon_core.package_identification:Package 'ros2-ws/src/examples/rclcpp/wait_set' with type 'ros.ament_cmake' and name 'examples_rclcpp_wait_set'
[0.244s] Level 1:colcon.colcon_core.package_identification:_identify(ros2-ws/src/examples/rclpy) by extensions ['ignore', 'ignore_ament_install']
[0.244s] Level 1:colcon.colcon_core.package_identification:_identify(ros2-ws/src/examples/rclpy) by extension 'ignore'
[0.244s] Level 1:colcon.colcon_core.package_identification:_identify(ros2-ws/src/examples/rclpy) by extension 'ignore_ament_install'
[0.244s] Level 1:colcon.colcon_core.package_identification:_identify(ros2-ws/src/examples/rclpy) by extensions ['colcon_pkg']
[0.244s] Level 1:colcon.colcon_core.package_identification:_identify(ros2-ws/src/examples/rclpy) by extension 'colcon_pkg'
[0.244s] Level 1:colcon.colcon_core.package_identification:_identify(ros2-ws/src/examples/rclpy) by extensions ['colcon_meta']
[0.244s] Level 1:colcon.colcon_core.package_identification:_identify(ros2-ws/src/examples/rclpy) by extension 'colcon_meta'
[0.244s] Level 1:colcon.colcon_core.package_identification:_identify(ros2-ws/src/examples/rclpy) by extensions ['ros']
[0.244s] Level 1:colcon.colcon_core.package_identification:_identify(ros2-ws/src/examples/rclpy) by extension 'ros'
[0.244s] Level 1:colcon.colcon_core.package_identification:_identify(ros2-ws/src/examples/rclpy) by extensions ['cmake', 'python']
[0.244s] Level 1:colcon.colcon_core.package_identification:_identify(ros2-ws/src/examples/rclpy) by extension 'cmake'
[0.244s] Level 1:colcon.colcon_core.package_identification:_identify(ros2-ws/src/examples/rclpy) by extension 'python'
[0.244s] Level 1:colcon.colcon_core.package_identification:_identify(ros2-ws/src/examples/rclpy) by extensions ['python_setup_py']
[0.244s] Level 1:colcon.colcon_core.package_identification:_identify(ros2-ws/src/examples/rclpy) by extension 'python_setup_py'
[0.244s] Level 1:colcon.colcon_core.package_identification:_identify(ros2-ws/src/examples/rclpy/actions) by extensions ['ignore', 'ignore_ament_install']
[0.244s] Level 1:colcon.colcon_core.package_identification:_identify(ros2-ws/src/examples/rclpy/actions) by extension 'ignore'
[0.245s] Level 1:colcon.colcon_core.package_identification:_identify(ros2-ws/src/examples/rclpy/actions) by extension 'ignore_ament_install'
[0.245s] Level 1:colcon.colcon_core.package_identification:_identify(ros2-ws/src/examples/rclpy/actions) by extensions ['colcon_pkg']
[0.245s] Level 1:colcon.colcon_core.package_identification:_identify(ros2-ws/src/examples/rclpy/actions) by extension 'colcon_pkg'
[0.245s] Level 1:colcon.colcon_core.package_identification:_identify(ros2-ws/src/examples/rclpy/actions) by extensions ['colcon_meta']
[0.245s] Level 1:colcon.colcon_core.package_identification:_identify(ros2-ws/src/examples/rclpy/actions) by extension 'colcon_meta'
[0.245s] Level 1:colcon.colcon_core.package_identification:_identify(ros2-ws/src/examples/rclpy/actions) by extensions ['ros']
[0.245s] Level 1:colcon.colcon_core.package_identification:_identify(ros2-ws/src/examples/rclpy/actions) by extension 'ros'
[0.245s] Level 1:colcon.colcon_core.package_identification:_identify(ros2-ws/src/examples/rclpy/actions) by extensions ['cmake', 'python']
[0.245s] Level 1:colcon.colcon_core.package_identification:_identify(ros2-ws/src/examples/rclpy/actions) by extension 'cmake'
[0.245s] Level 1:colcon.colcon_core.package_identification:_identify(ros2-ws/src/examples/rclpy/actions) by extension 'python'
[0.245s] Level 1:colcon.colcon_core.package_identification:_identify(ros2-ws/src/examples/rclpy/actions) by extensions ['python_setup_py']
[0.245s] Level 1:colcon.colcon_core.package_identification:_identify(ros2-ws/src/examples/rclpy/actions) by extension 'python_setup_py'
[0.245s] Level 1:colcon.colcon_core.package_identification:_identify(ros2-ws/src/examples/rclpy/actions/minimal_action_client) by extensions ['ignore', 'ignore_ament_install']
[0.245s] Level 1:colcon.colcon_core.package_identification:_identify(ros2-ws/src/examples/rclpy/actions/minimal_action_client) by extension 'ignore'
[0.245s] Level 1:colcon.colcon_core.package_identification:_identify(ros2-ws/src/examples/rclpy/actions/minimal_action_client) by extension 'ignore_ament_install'
[0.245s] Level 1:colcon.colcon_core.package_identification:_identify(ros2-ws/src/examples/rclpy/actions/minimal_action_client) by extensions ['colcon_pkg']
[0.245s] Level 1:colcon.colcon_core.package_identification:_identify(ros2-ws/src/examples/rclpy/actions/minimal_action_client) by extension 'colcon_pkg'
[0.245s] Level 1:colcon.colcon_core.package_identification:_identify(ros2-ws/src/examples/rclpy/actions/minimal_action_client) by extensions ['colcon_meta']
[0.245s] Level 1:colcon.colcon_core.package_identification:_identify(ros2-ws/src/examples/rclpy/actions/minimal_action_client) by extension 'colcon_meta'
[0.245s] Level 1:colcon.colcon_core.package_identification:_identify(ros2-ws/src/examples/rclpy/actions/minimal_action_client) by extensions ['ros']
[0.245s] Level 1:colcon.colcon_core.package_identification:_identify(ros2-ws/src/examples/rclpy/actions/minimal_action_client) by extension 'ros'
[0.246s] DEBUG:colcon.colcon_core.package_identification:Package 'ros2-ws/src/examples/rclpy/actions/minimal_action_client' with type 'ros.ament_python' and name 'examples_rclpy_minimal_action_client'
[0.246s] Level 1:colcon.colcon_core.package_identification:_identify(ros2-ws/src/examples/rclpy/actions/minimal_action_server) by extensions ['ignore', 'ignore_ament_install']
[0.246s] Level 1:colcon.colcon_core.package_identification:_identify(ros2-ws/src/examples/rclpy/actions/minimal_action_server) by extension 'ignore'
[0.246s] Level 1:colcon.colcon_core.package_identification:_identify(ros2-ws/src/examples/rclpy/actions/minimal_action_server) by extension 'ignore_ament_install'
[0.246s] Level 1:colcon.colcon_core.package_identification:_identify(ros2-ws/src/examples/rclpy/actions/minimal_action_server) by extensions ['colcon_pkg']
[0.246s] Level 1:colcon.colcon_core.package_identification:_identify(ros2-ws/src/examples/rclpy/actions/minimal_action_server) by extension 'colcon_pkg'
[0.246s] Level 1:colcon.colcon_core.package_identification:_identify(ros2-ws/src/examples/rclpy/actions/minimal_action_server) by extensions ['colcon_meta']
[0.246s] Level 1:colcon.colcon_core.package_identification:_identify(ros2-ws/src/examples/rclpy/actions/minimal_action_server) by extension 'colcon_meta'
[0.246s] Level 1:colcon.colcon_core.package_identification:_identify(ros2-ws/src/examples/rclpy/actions/minimal_action_server) by extensions ['ros']
[0.246s] Level 1:colcon.colcon_core.package_identification:_identify(ros2-ws/src/examples/rclpy/actions/minimal_action_server) by extension 'ros'
[0.246s] DEBUG:colcon.colcon_core.package_identification:Package 'ros2-ws/src/examples/rclpy/actions/minimal_action_server' with type 'ros.ament_python' and name 'examples_rclpy_minimal_action_server'
[0.246s] Level 1:colcon.colcon_core.package_identification:_identify(ros2-ws/src/examples/rclpy/executors) by extensions ['ignore', 'ignore_ament_install']
[0.246s] Level 1:colcon.colcon_core.package_identification:_identify(ros2-ws/src/examples/rclpy/executors) by extension 'ignore'
[0.246s] Level 1:colcon.colcon_core.package_identification:_identify(ros2-ws/src/examples/rclpy/executors) by extension 'ignore_ament_install'
[0.246s] Level 1:colcon.colcon_core.package_identification:_identify(ros2-ws/src/examples/rclpy/executors) by extensions ['colcon_pkg']
[0.246s] Level 1:colcon.colcon_core.package_identification:_identify(ros2-ws/src/examples/rclpy/executors) by extension 'colcon_pkg'
[0.246s] Level 1:colcon.colcon_core.package_identification:_identify(ros2-ws/src/examples/rclpy/executors) by extensions ['colcon_meta']
[0.246s] Level 1:colcon.colcon_core.package_identification:_identify(ros2-ws/src/examples/rclpy/executors) by extension 'colcon_meta'
[0.246s] Level 1:colcon.colcon_core.package_identification:_identify(ros2-ws/src/examples/rclpy/executors) by extensions ['ros']
[0.246s] Level 1:colcon.colcon_core.package_identification:_identify(ros2-ws/src/examples/rclpy/executors) by extension 'ros'
[0.247s] DEBUG:colcon.colcon_core.package_identification:Package 'ros2-ws/src/examples/rclpy/executors' with type 'ros.ament_python' and name 'examples_rclpy_executors'
[0.247s] Level 1:colcon.colcon_core.package_identification:_identify(ros2-ws/src/examples/rclpy/guard_conditions) by extensions ['ignore', 'ignore_ament_install']
[0.247s] Level 1:colcon.colcon_core.package_identification:_identify(ros2-ws/src/examples/rclpy/guard_conditions) by extension 'ignore'
[0.247s] Level 1:colcon.colcon_core.package_identification:_identify(ros2-ws/src/examples/rclpy/guard_conditions) by extension 'ignore_ament_install'
[0.247s] Level 1:colcon.colcon_core.package_identification:_identify(ros2-ws/src/examples/rclpy/guard_conditions) by extensions ['colcon_pkg']
[0.247s] Level 1:colcon.colcon_core.package_identification:_identify(ros2-ws/src/examples/rclpy/guard_conditions) by extension 'colcon_pkg'
[0.247s] Level 1:colcon.colcon_core.package_identification:_identify(ros2-ws/src/examples/rclpy/guard_conditions) by extensions ['colcon_meta']
[0.247s] Level 1:colcon.colcon_core.package_identification:_identify(ros2-ws/src/examples/rclpy/guard_conditions) by extension 'colcon_meta'
[0.247s] Level 1:colcon.colcon_core.package_identification:_identify(ros2-ws/src/examples/rclpy/guard_conditions) by extensions ['ros']
[0.247s] Level 1:colcon.colcon_core.package_identification:_identify(ros2-ws/src/examples/rclpy/guard_conditions) by extension 'ros'
[0.248s] DEBUG:colcon.colcon_core.package_identification:Package 'ros2-ws/src/examples/rclpy/guard_conditions' with type 'ros.ament_python' and name 'examples_rclpy_guard_conditions'
[0.248s] Level 1:colcon.colcon_core.package_identification:_identify(ros2-ws/src/examples/rclpy/services) by extensions ['ignore', 'ignore_ament_install']
[0.248s] Level 1:colcon.colcon_core.package_identification:_identify(ros2-ws/src/examples/rclpy/services) by extension 'ignore'
[0.248s] Level 1:colcon.colcon_core.package_identification:_identify(ros2-ws/src/examples/rclpy/services) by extension 'ignore_ament_install'
[0.248s] Level 1:colcon.colcon_core.package_identification:_identify(ros2-ws/src/examples/rclpy/services) by extensions ['colcon_pkg']
[0.248s] Level 1:colcon.colcon_core.package_identification:_identify(ros2-ws/src/examples/rclpy/services) by extension 'colcon_pkg'
[0.248s] Level 1:colcon.colcon_core.package_identification:_identify(ros2-ws/src/examples/rclpy/services) by extensions ['colcon_meta']
[0.248s] Level 1:colcon.colcon_core.package_identification:_identify(ros2-ws/src/examples/rclpy/services) by extension 'colcon_meta'
[0.248s] Level 1:colcon.colcon_core.package_identification:_identify(ros2-ws/src/examples/rclpy/services) by extensions ['ros']
[0.248s] Level 1:colcon.colcon_core.package_identification:_identify(ros2-ws/src/examples/rclpy/services) by extension 'ros'
[0.248s] Level 1:colcon.colcon_core.package_identification:_identify(ros2-ws/src/examples/rclpy/services) by extensions ['cmake', 'python']
[0.248s] Level 1:colcon.colcon_core.package_identification:_identify(ros2-ws/src/examples/rclpy/services) by extension 'cmake'
[0.248s] Level 1:colcon.colcon_core.package_identification:_identify(ros2-ws/src/examples/rclpy/services) by extension 'python'
[0.248s] Level 1:colcon.colcon_core.package_identification:_identify(ros2-ws/src/examples/rclpy/services) by extensions ['python_setup_py']
[0.248s] Level 1:colcon.colcon_core.package_identification:_identify(ros2-ws/src/examples/rclpy/services) by extension 'python_setup_py'
[0.248s] Level 1:colcon.colcon_core.package_identification:_identify(ros2-ws/src/examples/rclpy/services/minimal_client) by extensions ['ignore', 'ignore_ament_install']
[0.248s] Level 1:colcon.colcon_core.package_identification:_identify(ros2-ws/src/examples/rclpy/services/minimal_client) by extension 'ignore'
[0.248s] Level 1:colcon.colcon_core.package_identification:_identify(ros2-ws/src/examples/rclpy/services/minimal_client) by extension 'ignore_ament_install'
[0.248s] Level 1:colcon.colcon_core.package_identification:_identify(ros2-ws/src/examples/rclpy/services/minimal_client) by extensions ['colcon_pkg']
[0.248s] Level 1:colcon.colcon_core.package_identification:_identify(ros2-ws/src/examples/rclpy/services/minimal_client) by extension 'colcon_pkg'
[0.248s] Level 1:colcon.colcon_core.package_identification:_identify(ros2-ws/src/examples/rclpy/services/minimal_client) by extensions ['colcon_meta']
[0.248s] Level 1:colcon.colcon_core.package_identification:_identify(ros2-ws/src/examples/rclpy/services/minimal_client) by extension 'colcon_meta'
[0.248s] Level 1:colcon.colcon_core.package_identification:_identify(ros2-ws/src/examples/rclpy/services/minimal_client) by extensions ['ros']
[0.248s] Level 1:colcon.colcon_core.package_identification:_identify(ros2-ws/src/examples/rclpy/services/minimal_client) by extension 'ros'
[0.249s] DEBUG:colcon.colcon_core.package_identification:Package 'ros2-ws/src/examples/rclpy/services/minimal_client' with type 'ros.ament_python' and name 'examples_rclpy_minimal_client'
[0.249s] Level 1:colcon.colcon_core.package_identification:_identify(ros2-ws/src/examples/rclpy/services/minimal_service) by extensions ['ignore', 'ignore_ament_install']
[0.249s] Level 1:colcon.colcon_core.package_identification:_identify(ros2-ws/src/examples/rclpy/services/minimal_service) by extension 'ignore'
[0.249s] Level 1:colcon.colcon_core.package_identification:_identify(ros2-ws/src/examples/rclpy/services/minimal_service) by extension 'ignore_ament_install'
[0.249s] Level 1:colcon.colcon_core.package_identification:_identify(ros2-ws/src/examples/rclpy/services/minimal_service) by extensions ['colcon_pkg']
[0.249s] Level 1:colcon.colcon_core.package_identification:_identify(ros2-ws/src/examples/rclpy/services/minimal_service) by extension 'colcon_pkg'
[0.249s] Level 1:colcon.colcon_core.package_identification:_identify(ros2-ws/src/examples/rclpy/services/minimal_service) by extensions ['colcon_meta']
[0.249s] Level 1:colcon.colcon_core.package_identification:_identify(ros2-ws/src/examples/rclpy/services/minimal_service) by extension 'colcon_meta'
[0.249s] Level 1:colcon.colcon_core.package_identification:_identify(ros2-ws/src/examples/rclpy/services/minimal_service) by extensions ['ros']
[0.249s] Level 1:colcon.colcon_core.package_identification:_identify(ros2-ws/src/examples/rclpy/services/minimal_service) by extension 'ros'
[0.249s] DEBUG:colcon.colcon_core.package_identification:Package 'ros2-ws/src/examples/rclpy/services/minimal_service' with type 'ros.ament_python' and name 'examples_rclpy_minimal_service'
[0.249s] Level 1:colcon.colcon_core.package_identification:_identify(ros2-ws/src/examples/rclpy/topics) by extensions ['ignore', 'ignore_ament_install']
[0.249s] Level 1:colcon.colcon_core.package_identification:_identify(ros2-ws/src/examples/rclpy/topics) by extension 'ignore'
[0.250s] Level 1:colcon.colcon_core.package_identification:_identify(ros2-ws/src/examples/rclpy/topics) by extension 'ignore_ament_install'
[0.250s] Level 1:colcon.colcon_core.package_identification:_identify(ros2-ws/src/examples/rclpy/topics) by extensions ['colcon_pkg']
[0.250s] Level 1:colcon.colcon_core.package_identification:_identify(ros2-ws/src/examples/rclpy/topics) by extension 'colcon_pkg'
[0.250s] Level 1:colcon.colcon_core.package_identification:_identify(ros2-ws/src/examples/rclpy/topics) by extensions ['colcon_meta']
[0.250s] Level 1:colcon.colcon_core.package_identification:_identify(ros2-ws/src/examples/rclpy/topics) by extension 'colcon_meta'
[0.250s] Level 1:colcon.colcon_core.package_identification:_identify(ros2-ws/src/examples/rclpy/topics) by extensions ['ros']
[0.250s] Level 1:colcon.colcon_core.package_identification:_identify(ros2-ws/src/examples/rclpy/topics) by extension 'ros'
[0.250s] Level 1:colcon.colcon_core.package_identification:_identify(ros2-ws/src/examples/rclpy/topics) by extensions ['cmake', 'python']
[0.250s] Level 1:colcon.colcon_core.package_identification:_identify(ros2-ws/src/examples/rclpy/topics) by extension 'cmake'
[0.250s] Level 1:colcon.colcon_core.package_identification:_identify(ros2-ws/src/examples/rclpy/topics) by extension 'python'
[0.250s] Level 1:colcon.colcon_core.package_identification:_identify(ros2-ws/src/examples/rclpy/topics) by extensions ['python_setup_py']
[0.250s] Level 1:colcon.colcon_core.package_identification:_identify(ros2-ws/src/examples/rclpy/topics) by extension 'python_setup_py'
[0.250s] Level 1:colcon.colcon_core.package_identification:_identify(ros2-ws/src/examples/rclpy/topics/minimal_publisher) by extensions ['ignore', 'ignore_ament_install']
[0.250s] Level 1:colcon.colcon_core.package_identification:_identify(ros2-ws/src/examples/rclpy/topics/minimal_publisher) by extension 'ignore'
[0.250s] Level 1:colcon.colcon_core.package_identification:_identify(ros2-ws/src/examples/rclpy/topics/minimal_publisher) by extension 'ignore_ament_install'
[0.250s] Level 1:colcon.colcon_core.package_identification:_identify(ros2-ws/src/examples/rclpy/topics/minimal_publisher) by extensions ['colcon_pkg']
[0.250s] Level 1:colcon.colcon_core.package_identification:_identify(ros2-ws/src/examples/rclpy/topics/minimal_publisher) by extension 'colcon_pkg'
[0.250s] Level 1:colcon.colcon_core.package_identification:_identify(ros2-ws/src/examples/rclpy/topics/minimal_publisher) by extensions ['colcon_meta']
[0.250s] Level 1:colcon.colcon_core.package_identification:_identify(ros2-ws/src/examples/rclpy/topics/minimal_publisher) by extension 'colcon_meta'
[0.250s] Level 1:colcon.colcon_core.package_identification:_identify(ros2-ws/src/examples/rclpy/topics/minimal_publisher) by extensions ['ros']
[0.250s] Level 1:colcon.colcon_core.package_identification:_identify(ros2-ws/src/examples/rclpy/topics/minimal_publisher) by extension 'ros'
[0.250s] DEBUG:colcon.colcon_core.package_identification:Package 'ros2-ws/src/examples/rclpy/topics/minimal_publisher' with type 'ros.ament_python' and name 'examples_rclpy_minimal_publisher'
[0.251s] Level 1:colcon.colcon_core.package_identification:_identify(ros2-ws/src/examples/rclpy/topics/minimal_subscriber) by extensions ['ignore', 'ignore_ament_install']
[0.251s] Level 1:colcon.colcon_core.package_identification:_identify(ros2-ws/src/examples/rclpy/topics/minimal_subscriber) by extension 'ignore'
[0.251s] Level 1:colcon.colcon_core.package_identification:_identify(ros2-ws/src/examples/rclpy/topics/minimal_subscriber) by extension 'ignore_ament_install'
[0.251s] Level 1:colcon.colcon_core.package_identification:_identify(ros2-ws/src/examples/rclpy/topics/minimal_subscriber) by extensions ['colcon_pkg']
[0.251s] Level 1:colcon.colcon_core.package_identification:_identify(ros2-ws/src/examples/rclpy/topics/minimal_subscriber) by extension 'colcon_pkg'
[0.251s] Level 1:colcon.colcon_core.package_identification:_identify(ros2-ws/src/examples/rclpy/topics/minimal_subscriber) by extensions ['colcon_meta']
[0.251s] Level 1:colcon.colcon_core.package_identification:_identify(ros2-ws/src/examples/rclpy/topics/minimal_subscriber) by extension 'colcon_meta'
[0.251s] Level 1:colcon.colcon_core.package_identification:_identify(ros2-ws/src/examples/rclpy/topics/minimal_subscriber) by extensions ['ros']
[0.251s] Level 1:colcon.colcon_core.package_identification:_identify(ros2-ws/src/examples/rclpy/topics/minimal_subscriber) by extension 'ros'
[0.251s] DEBUG:colcon.colcon_core.package_identification:Package 'ros2-ws/src/examples/rclpy/topics/minimal_subscriber' with type 'ros.ament_python' and name 'examples_rclpy_minimal_subscriber'
[0.251s] Level 1:colcon.colcon_core.package_identification:_identify(ros2-ws/src/examples/rclpy/topics/pointcloud_publisher) by extensions ['ignore', 'ignore_ament_install']
[0.251s] Level 1:colcon.colcon_core.package_identification:_identify(ros2-ws/src/examples/rclpy/topics/pointcloud_publisher) by extension 'ignore'
[0.251s] Level 1:colcon.colcon_core.package_identification:_identify(ros2-ws/src/examples/rclpy/topics/pointcloud_publisher) by extension 'ignore_ament_install'
[0.251s] Level 1:colcon.colcon_core.package_identification:_identify(ros2-ws/src/examples/rclpy/topics/pointcloud_publisher) by extensions ['colcon_pkg']
[0.251s] Level 1:colcon.colcon_core.package_identification:_identify(ros2-ws/src/examples/rclpy/topics/pointcloud_publisher) by extension 'colcon_pkg'
[0.251s] Level 1:colcon.colcon_core.package_identification:_identify(ros2-ws/src/examples/rclpy/topics/pointcloud_publisher) by extensions ['colcon_meta']
[0.251s] Level 1:colcon.colcon_core.package_identification:_identify(ros2-ws/src/examples/rclpy/topics/pointcloud_publisher) by extension 'colcon_meta'
[0.251s] Level 1:colcon.colcon_core.package_identification:_identify(ros2-ws/src/examples/rclpy/topics/pointcloud_publisher) by extensions ['ros']
[0.251s] Level 1:colcon.colcon_core.package_identification:_identify(ros2-ws/src/examples/rclpy/topics/pointcloud_publisher) by extension 'ros'
[0.252s] DEBUG:colcon.colcon_core.package_identification:Package 'ros2-ws/src/examples/rclpy/topics/pointcloud_publisher' with type 'ros.ament_python' and name 'examples_rclpy_pointcloud_publisher'
[0.252s] Level 1:colcon.colcon_core.package_identification:_identify(ros2-ws/src/valerie) by extensions ['ignore', 'ignore_ament_install']
[0.252s] Level 1:colcon.colcon_core.package_identification:_identify(ros2-ws/src/valerie) by extension 'ignore'
[0.252s] Level 1:colcon.colcon_core.package_identification:_identify(ros2-ws/src/valerie) by extension 'ignore_ament_install'
[0.252s] Level 1:colcon.colcon_core.package_identification:_identify(ros2-ws/src/valerie) by extensions ['colcon_pkg']
[0.252s] Level 1:colcon.colcon_core.package_identification:_identify(ros2-ws/src/valerie) by extension 'colcon_pkg'
[0.252s] Level 1:colcon.colcon_core.package_identification:_identify(ros2-ws/src/valerie) by extensions ['colcon_meta']
[0.252s] Level 1:colcon.colcon_core.package_identification:_identify(ros2-ws/src/valerie) by extension 'colcon_meta'
[0.252s] Level 1:colcon.colcon_core.package_identification:_identify(ros2-ws/src/valerie) by extensions ['ros']
[0.252s] Level 1:colcon.colcon_core.package_identification:_identify(ros2-ws/src/valerie) by extension 'ros'
[0.252s] DEBUG:colcon.colcon_core.package_identification:Package 'ros2-ws/src/valerie' with type 'ros.ament_python' and name 'valerie'
[0.252s] Level 1:colcon.colcon_core.package_discovery:discover_packages(recursive) using defaults
[0.253s] Level 1:colcon.colcon_core.package_discovery:discover_packages(ignore) discover
[0.253s] Level 1:colcon.colcon_core.package_discovery:discover_packages(ignore) using defaults
[0.253s] Level 1:colcon.colcon_core.package_discovery:discover_packages(path) discover
[0.253s] Level 1:colcon.colcon_core.package_discovery:discover_packages(path) using defaults
[0.273s] INFO:colcon.colcon_core.package_selection:Skipping not selected package 'examples_rclcpp_async_client' in 'ros2-ws/src/examples/rclcpp/services/async_client'
[0.273s] INFO:colcon.colcon_core.package_selection:Skipping not selected package 'examples_rclcpp_cbg_executor' in 'ros2-ws/src/examples/rclcpp/executors/cbg_executor'
[0.273s] INFO:colcon.colcon_core.package_selection:Skipping not selected package 'examples_rclcpp_minimal_action_client' in 'ros2-ws/src/examples/rclcpp/actions/minimal_action_client'
[0.273s] INFO:colcon.colcon_core.package_selection:Skipping not selected package 'examples_rclcpp_minimal_action_server' in 'ros2-ws/src/examples/rclcpp/actions/minimal_action_server'
[0.273s] INFO:colcon.colcon_core.package_selection:Skipping not selected package 'examples_rclcpp_minimal_client' in 'ros2-ws/src/examples/rclcpp/services/minimal_client'
[0.273s] INFO:colcon.colcon_core.package_selection:Skipping not selected package 'examples_rclcpp_minimal_composition' in 'ros2-ws/src/examples/rclcpp/composition/minimal_composition'
[0.273s] INFO:colcon.colcon_core.package_selection:Skipping not selected package 'examples_rclcpp_minimal_publisher' in 'ros2-ws/src/examples/rclcpp/topics/minimal_publisher'
[0.273s] INFO:colcon.colcon_core.package_selection:Skipping not selected package 'examples_rclcpp_minimal_service' in 'ros2-ws/src/examples/rclcpp/services/minimal_service'
[0.273s] INFO:colcon.colcon_core.package_selection:Skipping not selected package 'examples_rclcpp_minimal_subscriber' in 'ros2-ws/src/examples/rclcpp/topics/minimal_subscriber'
[0.273s] INFO:colcon.colcon_core.package_selection:Skipping not selected package 'examples_rclcpp_minimal_timer' in 'ros2-ws/src/examples/rclcpp/timers/minimal_timer'
[0.273s] INFO:colcon.colcon_core.package_selection:Skipping not selected package 'examples_rclcpp_multithreaded_executor' in 'ros2-ws/src/examples/rclcpp/executors/multithreaded_executor'
[0.273s] INFO:colcon.colcon_core.package_selection:Skipping not selected package 'examples_rclcpp_wait_set' in 'ros2-ws/src/examples/rclcpp/wait_set'
[0.273s] INFO:colcon.colcon_core.package_selection:Skipping not selected package 'examples_rclpy_executors' in 'ros2-ws/src/examples/rclpy/executors'
[0.273s] INFO:colcon.colcon_core.package_selection:Skipping not selected package 'examples_rclpy_guard_conditions' in 'ros2-ws/src/examples/rclpy/guard_conditions'
[0.273s] INFO:colcon.colcon_core.package_selection:Skipping not selected package 'examples_rclpy_minimal_action_client' in 'ros2-ws/src/examples/rclpy/actions/minimal_action_client'
[0.273s] INFO:colcon.colcon_core.package_selection:Skipping not selected package 'examples_rclpy_minimal_action_server' in 'ros2-ws/src/examples/rclpy/actions/minimal_action_server'
[0.273s] INFO:colcon.colcon_core.package_selection:Skipping not selected package 'examples_rclpy_minimal_client' in 'ros2-ws/src/examples/rclpy/services/minimal_client'
[0.273s] INFO:colcon.colcon_core.package_selection:Skipping not selected package 'examples_rclpy_minimal_publisher' in 'ros2-ws/src/examples/rclpy/topics/minimal_publisher'
[0.273s] INFO:colcon.colcon_core.package_selection:Skipping not selected package 'examples_rclpy_minimal_service' in 'ros2-ws/src/examples/rclpy/services/minimal_service'
[0.273s] INFO:colcon.colcon_core.package_selection:Skipping not selected package 'examples_rclpy_minimal_subscriber' in 'ros2-ws/src/examples/rclpy/topics/minimal_subscriber'
[0.273s] INFO:colcon.colcon_core.package_selection:Skipping not selected package 'examples_rclpy_pointcloud_publisher' in 'ros2-ws/src/examples/rclpy/topics/pointcloud_publisher'
[0.273s] INFO:colcon.colcon_core.package_selection:Skipping not selected package 'launch_testing_examples' in 'ros2-ws/src/examples/launch_testing/launch_testing_examples'
[0.273s] Level 5:colcon.colcon_core.verb:set package 'valerie' build argument 'cmake_args' from command line to 'None'
[0.273s] Level 5:colcon.colcon_core.verb:set package 'valerie' build argument 'cmake_target' from command line to 'None'
[0.273s] Level 5:colcon.colcon_core.verb:set package 'valerie' build argument 'cmake_target_skip_unavailable' from command line to 'False'
[0.273s] Level 5:colcon.colcon_core.verb:set package 'valerie' build argument 'cmake_clean_cache' from command line to 'False'
[0.273s] Level 5:colcon.colcon_core.verb:set package 'valerie' build argument 'cmake_clean_first' from command line to 'False'
[0.273s] Level 5:colcon.colcon_core.verb:set package 'valerie' build argument 'cmake_force_configure' from command line to 'False'
[0.273s] Level 5:colcon.colcon_core.verb:set package 'valerie' build argument 'ament_cmake_args' from command line to 'None'
[0.273s] Level 5:colcon.colcon_core.verb:set package 'valerie' build argument 'catkin_cmake_args' from command line to 'None'
[0.273s] Level 5:colcon.colcon_core.verb:set package 'valerie' build argument 'catkin_skip_building_tests' from command line to 'False'
[0.273s] DEBUG:colcon.colcon_core.verb:Building package 'valerie' with the following arguments: {'ament_cmake_args': None, 'build_base': '/home/bval4/workbench/ex03/build/valerie', 'catkin_cmake_args': None, 'catkin_skip_building_tests': False, 'cmake_args': None, 'cmake_clean_cache': False, 'cmake_clean_first': False, 'cmake_force_configure': False, 'cmake_target': None, 'cmake_target_skip_unavailable': False, 'install_base': '/home/bval4/workbench/ex03/install/valerie', 'merge_install': False, 'path': '/home/bval4/workbench/ex03/ros2-ws/src/valerie', 'symlink_install': False, 'test_result_base': None}
[0.274s] INFO:colcon.colcon_core.executor:Executing jobs using 'parallel' executor
[0.274s] DEBUG:colcon.colcon_parallel_executor.executor.parallel:run_until_complete
[0.274s] INFO:colcon.colcon_ros.task.ament_python.build:Building ROS package in '/home/bval4/workbench/ex03/ros2-ws/src/valerie' with build type 'ament_python'
[0.274s] Level 1:colcon.colcon_core.shell:create_environment_hook('valerie', 'ament_prefix_path')
[0.279s] INFO:colcon.colcon_core.plugin_system:Skipping extension 'colcon_core.shell.bat': Not used on non-Windows systems
[0.280s] INFO:colcon.colcon_core.shell:Creating environment hook '/home/bval4/workbench/ex03/install/valerie/share/valerie/hook/ament_prefix_path.ps1'
[0.281s] INFO:colcon.colcon_core.shell:Creating environment descriptor '/home/bval4/workbench/ex03/install/valerie/share/valerie/hook/ament_prefix_path.dsv'
[0.282s] INFO:colcon.colcon_core.shell:Creating environment hook '/home/bval4/workbench/ex03/install/valerie/share/valerie/hook/ament_prefix_path.sh'
[0.283s] INFO:colcon.colcon_core.shell:Skip shell extension 'powershell' for command environment: Not usable outside of PowerShell
[0.283s] DEBUG:colcon.colcon_core.shell:Skip shell extension 'dsv' for command environment
[0.426s] INFO:colcon.colcon_core.task.python.build:Building Python package in '/home/bval4/workbench/ex03/ros2-ws/src/valerie'
[0.426s] INFO:colcon.colcon_core.shell:Skip shell extension 'powershell' for command environment: Not usable outside of PowerShell
[0.426s] DEBUG:colcon.colcon_core.shell:Skip shell extension 'dsv' for command environment
[0.794s] DEBUG:colcon.colcon_core.event_handler.log_command:Invoking command in '/home/bval4/workbench/ex03/ros2-ws/src/valerie': PYTHONPATH=/home/bval4/workbench/ex03/build/valerie/prefix_override:/usr/lib/python3/dist-packages/colcon_core/task/python/colcon_distutils_commands:/home/bval4/workbench/ex03/install/valerie/lib/python3.12/site-packages:${PYTHONPATH} /usr/bin/python3 -W ignore:setup.py install is deprecated -W ignore:easy_install command is deprecated setup.py egg_info --egg-base ../../../build/valerie build --build-base /home/bval4/workbench/ex03/build/valerie/build install --record /home/bval4/workbench/ex03/build/valerie/install.log --single-version-externally-managed install_data
[1.089s] DEBUG:colcon.colcon_core.event_handler.log_command:Invoked command in '/home/bval4/workbench/ex03/ros2-ws/src/valerie' returned '0': PYTHONPATH=/home/bval4/workbench/ex03/build/valerie/prefix_override:/usr/lib/python3/dist-packages/colcon_core/task/python/colcon_distutils_commands:/home/bval4/workbench/ex03/install/valerie/lib/python3.12/site-packages:${PYTHONPATH} /usr/bin/python3 -W ignore:setup.py install is deprecated -W ignore:easy_install command is deprecated setup.py egg_info --egg-base ../../../build/valerie build --build-base /home/bval4/workbench/ex03/build/valerie/build install --record /home/bval4/workbench/ex03/build/valerie/install.log --single-version-externally-managed install_data
[1.093s] Level 1:colcon.colcon_core.environment:checking '/home/bval4/workbench/ex03/install/valerie' for CMake module files
[1.094s] Level 1:colcon.colcon_core.environment:checking '/home/bval4/workbench/ex03/install/valerie' for CMake config files
[1.094s] Level 1:colcon.colcon_core.environment:checking '/home/bval4/workbench/ex03/install/valerie/lib'
[1.094s] Level 1:colcon.colcon_core.environment:checking '/home/bval4/workbench/ex03/install/valerie/bin'
[1.094s] Level 1:colcon.colcon_core.environment:checking '/home/bval4/workbench/ex03/install/valerie/lib/pkgconfig/valerie.pc'
[1.095s] Level 1:colcon.colcon_core.environment:checking '/home/bval4/workbench/ex03/install/valerie/lib/python3.12/site-packages'
[1.095s] Level 1:colcon.colcon_core.shell:create_environment_hook('valerie', 'pythonpath')
[1.095s] INFO:colcon.colcon_core.shell:Creating environment hook '/home/bval4/workbench/ex03/install/valerie/share/valerie/hook/pythonpath.ps1'
[1.095s] INFO:colcon.colcon_core.shell:Creating environment descriptor '/home/bval4/workbench/ex03/install/valerie/share/valerie/hook/pythonpath.dsv'
[1.095s] INFO:colcon.colcon_core.shell:Creating environment hook '/home/bval4/workbench/ex03/install/valerie/share/valerie/hook/pythonpath.sh'
[1.096s] Level 1:colcon.colcon_core.environment:checking '/home/bval4/workbench/ex03/install/valerie/bin'
[1.096s] Level 1:colcon.colcon_core.environment:create_environment_scripts_only(valerie)
[1.096s] INFO:colcon.colcon_core.shell:Creating package script '/home/bval4/workbench/ex03/install/valerie/share/valerie/package.ps1'
[1.096s] INFO:colcon.colcon_core.shell:Creating package descriptor '/home/bval4/workbench/ex03/install/valerie/share/valerie/package.dsv'
[1.097s] INFO:colcon.colcon_core.shell:Creating package script '/home/bval4/workbench/ex03/install/valerie/share/valerie/package.sh'
[1.097s] INFO:colcon.colcon_core.shell:Creating package script '/home/bval4/workbench/ex03/install/valerie/share/valerie/package.bash'
[1.098s] INFO:colcon.colcon_core.shell:Creating package script '/home/bval4/workbench/ex03/install/valerie/share/valerie/package.zsh'
[1.098s] Level 1:colcon.colcon_core.environment:create_file_with_runtime_dependencies(/home/bval4/workbench/ex03/install/valerie/share/colcon-core/packages/valerie)
[1.099s] DEBUG:colcon.colcon_parallel_executor.executor.parallel:closing loop
[1.099s] DEBUG:colcon.colcon_parallel_executor.executor.parallel:loop closed
[1.099s] DEBUG:colcon.colcon_parallel_executor.executor.parallel:run_until_complete finished with '0'
[1.099s] DEBUG:colcon.colcon_core.event_reactor:joining thread
[1.108s] INFO:colcon.colcon_core.plugin_system:Skipping extension 'colcon_notification.desktop_notification.notify_send': Could not find 'notify-send'
[1.108s] INFO:colcon.colcon_core.plugin_system:Skipping extension 'colcon_notification.desktop_notification.terminal_notifier': Not used on non-Darwin systems
[1.108s] INFO:colcon.colcon_core.plugin_system:Skipping extension 'colcon_notification.desktop_notification.win32': Not used on non-Windows systems
[1.108s] INFO:colcon.colcon_notification.desktop_notification:Sending desktop notification using 'notify2'
[1.112s] DEBUG:colcon.colcon_notification.desktop_notification.notify2:Failed to initialize notify2: org.freedesktop.DBus.Error.Spawn.ExecFailed: /usr/bin/dbus-launch terminated abnormally without any error message
[1.112s] DEBUG:colcon.colcon_core.event_reactor:joined thread
[1.112s] INFO:colcon.colcon_core.shell:Creating prefix script '/home/bval4/workbench/ex03/install/local_setup.ps1'
[1.113s] INFO:colcon.colcon_core.shell:Creating prefix util module '/home/bval4/workbench/ex03/install/_local_setup_util_ps1.py'
[1.114s] INFO:colcon.colcon_core.shell:Creating prefix chain script '/home/bval4/workbench/ex03/install/setup.ps1'
[1.115s] INFO:colcon.colcon_core.shell:Creating prefix script '/home/bval4/workbench/ex03/install/local_setup.sh'
[1.115s] INFO:colcon.colcon_core.shell:Creating prefix util module '/home/bval4/workbench/ex03/install/_local_setup_util_sh.py'
[1.115s] INFO:colcon.colcon_core.shell:Creating prefix chain script '/home/bval4/workbench/ex03/install/setup.sh'
[1.116s] INFO:colcon.colcon_core.shell:Creating prefix script '/home/bval4/workbench/ex03/install/local_setup.bash'
[1.116s] INFO:colcon.colcon_core.shell:Creating prefix chain script '/home/bval4/workbench/ex03/install/setup.bash'
[1.117s] INFO:colcon.colcon_core.shell:Creating prefix script '/home/bval4/workbench/ex03/install/local_setup.zsh'
[1.117s] INFO:colcon.colcon_core.shell:Creating prefix chain script '/home/bval4/workbench/ex03/install/setup.zsh'
