running egg_info
writing ../../../build/valerie/valerie.egg-info/PKG-INFO
writing dependency_links to ../../../build/valerie/valerie.egg-info/dependency_links.txt
writing entry points to ../../../build/valerie/valerie.egg-info/entry_points.txt
writing requirements to ../../../build/valerie/valerie.egg-info/requires.txt
writing top-level names to ../../../build/valerie/valerie.egg-info/top_level.txt
reading manifest file '../../../build/valerie/valerie.egg-info/SOURCES.txt'
adding license file 'LICENSE'
writing manifest file '../../../build/valerie/valerie.egg-info/SOURCES.txt'
running build
running build_py
running install
running install_lib
running install_data
running install_egg_info
removing '/home/bval4/workbench/ex03/install/valerie/lib/python3.12/site-packages/valerie-0.0.0-py3.12.egg-info' (and everything under it)
Copying ../../../build/valerie/valerie.egg-info to /home/bval4/workbench/ex03/install/valerie/lib/python3.12/site-packages/valerie-0.0.0-py3.12.egg-info
running install_scripts
Installing my_node script to /home/bval4/workbench/ex03/install/valerie/lib/valerie
writing list of installed files to '/home/bval4/workbench/ex03/build/valerie/install.log'
