[0.456s] Invoking command in '/home/bval4/workbench/ex03/ros2-ws/src/valerie': PYTHONPATH=/home/bval4/workbench/ex03/build/valerie/prefix_override:/usr/lib/python3/dist-packages/colcon_core/task/python/colcon_distutils_commands:/home/bval4/workbench/ex03/install/valerie/lib/python3.12/site-packages:${PYTHONPATH} /usr/bin/python3 -W ignore:setup.py install is deprecated -W ignore:easy_install command is deprecated setup.py egg_info --egg-base ../../../build/valerie build --build-base /home/bval4/workbench/ex03/build/valerie/build install --record /home/bval4/workbench/ex03/build/valerie/install.log --single-version-externally-managed install_data
[0.612s] running egg_info
[0.620s] writing ../../../build/valerie/valerie.egg-info/PKG-INFO
[0.620s] writing dependency_links to ../../../build/valerie/valerie.egg-info/dependency_links.txt
[0.621s] writing entry points to ../../../build/valerie/valerie.egg-info/entry_points.txt
[0.621s] writing requirements to ../../../build/valerie/valerie.egg-info/requires.txt
[0.621s] writing top-level names to ../../../build/valerie/valerie.egg-info/top_level.txt
[0.638s] reading manifest file '../../../build/valerie/valerie.egg-info/SOURCES.txt'
[0.638s] adding license file 'LICENSE'
[0.639s] writing manifest file '../../../build/valerie/valerie.egg-info/SOURCES.txt'
[0.639s] running build
[0.639s] running build_py
[0.639s] running install
[0.643s] running install_lib
[0.652s] running install_data
[0.652s] running install_egg_info
[0.662s] removing '/home/bval4/workbench/ex03/install/valerie/lib/python3.12/site-packages/valerie-0.0.0-py3.12.egg-info' (and everything under it)
[0.662s] Copying ../../../build/valerie/valerie.egg-info to /home/bval4/workbench/ex03/install/valerie/lib/python3.12/site-packages/valerie-0.0.0-py3.12.egg-info
[0.662s] running install_scripts
[0.728s] Installing my_node script to /home/bval4/workbench/ex03/install/valerie/lib/valerie
[0.728s] writing list of installed files to '/home/bval4/workbench/ex03/build/valerie/install.log'
[0.746s] Invoked command in '/home/bval4/workbench/ex03/ros2-ws/src/valerie' returned '0': PYTHONPATH=/home/bval4/workbench/ex03/build/valerie/prefix_override:/usr/lib/python3/dist-packages/colcon_core/task/python/colcon_distutils_commands:/home/bval4/workbench/ex03/install/valerie/lib/python3.12/site-packages:${PYTHONPATH} /usr/bin/python3 -W ignore:setup.py install is deprecated -W ignore:easy_install command is deprecated setup.py egg_info --egg-base ../../../build/valerie build --build-base /home/bval4/workbench/ex03/build/valerie/build install --record /home/bval4/workbench/ex03/build/valerie/install.log --single-version-externally-managed install_data
